{"name": "Admin Tab and Download Test", "status": "broken", "statusDetails": {"message": "selenium.common.exceptions.TimeoutException: Message: \nStacktrace:\n\tGetHandleVerifier [0x0x4b3783+63299]\n\tGetHandleVerifier [0x0x4b37c4+63364]\n\t(No symbol) [0x0x2e1113]\n\t(No symbol) [0x0x32987e]\n\t(No symbol) [0x0x329c1b]\n\t(No symbol) [0x0x372212]\n\t(No symbol) [0x0x34e5c4]\n\t(No symbol) [0x0x36fa4a]\n\t(No symbol) [0x0x34e376]\n\t(No symbol) [0x0x31d6e0]\n\t(No symbol) [0x0x31e544]\n\tGetHandleVerifier [0x0x70e073+2531379]\n\tGetHandleVerifier [0x0x709372+2511666]\n\tGetHandleVerifier [0x0x4d9efa+220858]\n\tGetHandleVerifier [0x0x4ca548+156936]\n\tGetHandleVerifier [0x0x4d0c7d+183357]\n\tGetHandleVerifier [0x0x4bb6e8+95912]\n\tGetHandleVerifier [0x0x4bb890+96336]\n\tGetHandleVerifier [0x0x4a666a+9770]\n\tBaseThreadInitThunk [0x0x7608fcc9+25]\n\tRtlGetAppContainerNamedObjectPath [0x0x77c882ae+286]\n\tRtlGetAppContainerNamedObjectPath [0x0x77c8827e+238]", "trace": "driver = <selenium.webdriver.chrome.webdriver.WebDriver (session=\"79b2146fbbb653315d6484b161e2375a\")>\n\n    @allure.title(\"Admin Tab and Download Test\")\n    @allure.description(\"This is test of admin tab>proceed to checkout and download button\")\n    def test_admin_proceed_and_download(driver):\n        logger = LogGenerate.logger_file()\n        logger.info(f\"Starting Test: {inspect.currentframe().f_code.co_name}\")\n    \n        try:\n            employee_page = EmployeePage(driver)\n    \n            employee_page.menu_button()\n            logger.info(f\"Clicked on Menu button\")\n    \n            employee_page.admin_tab()\n            logger.info(f\"Clicked on Admin tab button\")\n    \n            employee_page.proceed_to_checkout_tab()\n            logger.info(f\"Clicked on Proceed to checkout button\")\n    \n>           employee_page.checkout_button()\n\ntest_pages\\test_login_page.py:479: \n_ _ _ _ _ _ _ _ _ _ _ _ _ _ _ _ _ _ _ _ _ _ _ _ _ _ _ _ _ _ _ _ _ _ _ _ _ _ _ _ _ _ _ _ _ _ _ _ _ _ _ _ _ _ _ _ _ _ _ _ _ _ _ _ _ _ _ _ _ _ _ _ _ _ _ _ _ _ _ _ _ _ _ _ _ _ _ _ _ _ \nbase_pages\\employees_page.py:166: in checkout_button\n    wait.until(EC.element_to_be_clickable(self.locators.checkout_button)).click()\n_ _ _ _ _ _ _ _ _ _ _ _ _ _ _ _ _ _ _ _ _ _ _ _ _ _ _ _ _ _ _ _ _ _ _ _ _ _ _ _ _ _ _ _ _ _ _ _ _ _ _ _ _ _ _ _ _ _ _ _ _ _ _ _ _ _ _ _ _ _ _ _ _ _ _ _ _ _ _ _ _ _ _ _ _ _ _ _ _ _ \n\nself = <selenium.webdriver.support.wait.WebDriverWait (session=\"79b2146fbbb653315d6484b161e2375a\")>\nmethod = <function element_to_be_clickable.<locals>._predicate at 0x000001ED1F5FF060>, message = ''\n\n    def until(self, method: Callable[[D], Union[Literal[False], T]], message: str = \"\") -> T:\n        \"\"\"Wait until the method returns a value that is not False.\n    \n        Calls the method provided with the driver as an argument until the\n        return value does not evaluate to ``False``.\n    \n        Parameters:\n        ----------\n        method: callable(WebDriver)\n            - A callable object that takes a WebDriver instance as an argument.\n    \n        message: str\n            - Optional message for :exc:`TimeoutException`\n    \n        Return:\n        -------\n        object: T\n            - The result of the last call to `method`\n    \n        Raises:\n        -------\n        TimeoutException\n            - If 'method' does not return a truthy value within the WebDriverWait\n            object's timeout\n    \n        Example:\n        --------\n        >>> from selenium.webdriver.common.by import By\n        >>> from selenium.webdriver.support.ui import WebDriverWait\n        >>> from selenium.webdriver.support import expected_conditions as EC\n    \n        # Wait until an element is visible on the page\n        >>> wait = WebDriverWait(driver, 10)\n        >>> element = wait.until(EC.visibility_of_element_located((By.ID, \"exampleId\")))\n        >>> print(element.text)\n        \"\"\"\n        screen = None\n        stacktrace = None\n    \n        end_time = time.monotonic() + self._timeout\n        while True:\n            try:\n                value = method(self._driver)\n                if value:\n                    return value\n            except self._ignored_exceptions as exc:\n                screen = getattr(exc, \"screen\", None)\n                stacktrace = getattr(exc, \"stacktrace\", None)\n            if time.monotonic() > end_time:\n                break\n            time.sleep(self._poll)\n>       raise TimeoutException(message, screen, stacktrace)\nE       selenium.common.exceptions.TimeoutException: Message: \nE       Stacktrace:\nE       \tGetHandleVerifier [0x0x4b3783+63299]\nE       \tGetHandleVerifier [0x0x4b37c4+63364]\nE       \t(No symbol) [0x0x2e1113]\nE       \t(No symbol) [0x0x32987e]\nE       \t(No symbol) [0x0x329c1b]\nE       \t(No symbol) [0x0x372212]\nE       \t(No symbol) [0x0x34e5c4]\nE       \t(No symbol) [0x0x36fa4a]\nE       \t(No symbol) [0x0x34e376]\nE       \t(No symbol) [0x0x31d6e0]\nE       \t(No symbol) [0x0x31e544]\nE       \tGetHandleVerifier [0x0x70e073+2531379]\nE       \tGetHandleVerifier [0x0x709372+2511666]\nE       \tGetHandleVerifier [0x0x4d9efa+220858]\nE       \tGetHandleVerifier [0x0x4ca548+156936]\nE       \tGetHandleVerifier [0x0x4d0c7d+183357]\nE       \tGetHandleVerifier [0x0x4bb6e8+95912]\nE       \tGetHandleVerifier [0x0x4bb890+96336]\nE       \tGetHandleVerifier [0x0x4a666a+9770]\nE       \tBaseThreadInitThunk [0x0x7608fcc9+25]\nE       \tRtlGetAppContainerNamedObjectPath [0x0x77c882ae+286]\nE       \tRtlGetAppContainerNamedObjectPath [0x0x77c8827e+238]\n\nC:\\Users\\Pawan.Pawar\\AppData\\Local\\Programs\\Python\\Python312\\Lib\\site-packages\\selenium\\webdriver\\support\\wait.py:146: TimeoutException"}, "description": "This is test of admin tab>proceed to checkout and download button", "start": 1750156525406, "stop": 1750156541038, "uuid": "c067fbde-93e5-441d-94b1-593e6a4526cd", "historyId": "4b1cbfd658f940588547c6a890039699", "testCaseId": "4b1cbfd658f940588547c6a890039699", "fullName": "test_pages.test_login_page#test_admin_proceed_and_download", "labels": [{"name": "parentSuite", "value": "test_pages"}, {"name": "suite", "value": "test_login_page"}, {"name": "host", "value": "5CD1343CDG"}, {"name": "thread", "value": "35884-MainThread"}, {"name": "framework", "value": "pytest"}, {"name": "language", "value": "cpython3"}, {"name": "package", "value": "test_pages.test_login_page"}]}