{"name": "Admin Tab and Download Test", "status": "broken", "statusDetails": {"message": "selenium.common.exceptions.TimeoutException: Message: \nStacktrace:\n\tGetHandleVerifier [0x0xe83b03+62899]\n\tGetHandleVerifier [0x0xe83b44+62964]\n\t(No symbol) [0x0xcb10f3]\n\t(No symbol) [0x0xcf980e]\n\t(No symbol) [0x0xcf9bab]\n\t(No symbol) [0x0xd425c2]\n\t(No symbol) [0x0xd1e554]\n\t(No symbol) [0x0xd3fd81]\n\t(No symbol) [0x0xd1e306]\n\t(No symbol) [0x0xced670]\n\t(No symbol) [0x0xcee4e4]\n\tGetHandleVerifier [0x0x10e4793+2556483]\n\tGetHandleVerifier [0x0x10dfd02+2537394]\n\tGetHandleVerifier [0x0xeaa2fa+220586]\n\tGetHandleVerifier [0x0xe9aae8+157080]\n\tGetHandleVerifier [0x0xea141d+184013]\n\tGetHandleVerifier [0x0xe8ba68+95512]\n\tGetHandleVerifier [0x0xe8bc10+95936]\n\tGetHandleVerifier [0x0xe76b5a+9738]\n\tBaseThreadInitThunk [0x0x7627fcc9+25]\n\tRtlGetAppContainerNamedObjectPath [0x0x77bb82ae+286]\n\tRtlGetAppContainerNamedObjectPath [0x0x77bb827e+238]", "trace": "driver = <selenium.webdriver.chrome.webdriver.WebDriver (session=\"574f2746b46a1675b00f4f9402475ce5\")>\n\n    @allure.title(\"Admin Tab and Download Test\")\n    @allure.description(\"This is test of admin tab>proceed to checkout and download button\")\n    def test_admin_proceed_and_download(driver: WebDriver):\n        logger = LogGenerate.logger_file()\n        logger.info(f\"Starting Test: {inspect.currentframe().f_code.co_name}\")\n    \n        try:\n            employee_page = EmployeePage(driver)\n    \n            employee_page.menu_button()\n            logger.info(f\"Clicked on Menu button\")\n    \n            employee_page.admin_tab()\n            logger.info(f\"Clicked on Admin tab button\")\n    \n            employee_page.proceed_to_checkout_tab()\n            logger.info(f\"Clicked on Proceed to checkout button\")\n    \n            employee_page.checkout_button()\n            logger.info(f\"Clicked on checkout button\")\n    \n>           employee_page.download_button()\n\ntest_pages\\test_login_page.py:457: \n_ _ _ _ _ _ _ _ _ _ _ _ _ _ _ _ _ _ _ _ _ _ _ _ _ _ _ _ _ _ _ _ _ _ _ _ _ _ _ _ _ _ _ _ _ _ _ _ _ _ _ _ _ _ _ _ _ _ _ _ _ _ _ _ _ _ _ _ _ _ _ _ _ _ _ _ _ _ _ _ _ _ _ _ _ _ _ _ _ _ _ _ _ _ _ _ _ _ _ _ _ _ _ _ _ _ _ _ _ \nbase_pages\\employees_page.py:164: in download_button\n    wait.until(EC.element_to_be_clickable(self.locators.download)).click()\n_ _ _ _ _ _ _ _ _ _ _ _ _ _ _ _ _ _ _ _ _ _ _ _ _ _ _ _ _ _ _ _ _ _ _ _ _ _ _ _ _ _ _ _ _ _ _ _ _ _ _ _ _ _ _ _ _ _ _ _ _ _ _ _ _ _ _ _ _ _ _ _ _ _ _ _ _ _ _ _ _ _ _ _ _ _ _ _ _ _ _ _ _ _ _ _ _ _ _ _ _ _ _ _ _ _ _ _ _ \n\nself = <selenium.webdriver.support.wait.WebDriverWait (session=\"574f2746b46a1675b00f4f9402475ce5\")>, method = <function element_to_be_clickable.<locals>._predicate at 0x000001FE3C56A520>, message = ''\n\n    def until(self, method: Callable[[D], Union[Literal[False], T]], message: str = \"\") -> T:\n        \"\"\"Wait until the method returns a value that is not False.\n    \n        Calls the method provided with the driver as an argument until the\n        return value does not evaluate to ``False``.\n    \n        Parameters:\n        ----------\n        method: callable(WebDriver)\n            - A callable object that takes a WebDriver instance as an argument.\n    \n        message: str\n            - Optional message for :exc:`TimeoutException`\n    \n        Return:\n        -------\n        object: T\n            - The result of the last call to `method`\n    \n        Raises:\n        -------\n        TimeoutException\n            - If 'method' does not return a truthy value within the WebDriverWait\n            object's timeout\n    \n        Example:\n        --------\n        >>> from selenium.webdriver.common.by import By\n        >>> from selenium.webdriver.support.ui import WebDriverWait\n        >>> from selenium.webdriver.support import expected_conditions as EC\n    \n        # Wait until an element is visible on the page\n        >>> wait = WebDriverWait(driver, 10)\n        >>> element = wait.until(EC.visibility_of_element_located((By.ID, \"exampleId\")))\n        >>> print(element.text)\n        \"\"\"\n        screen = None\n        stacktrace = None\n    \n        end_time = time.monotonic() + self._timeout\n        while True:\n            try:\n                value = method(self._driver)\n                if value:\n                    return value\n            except self._ignored_exceptions as exc:\n                screen = getattr(exc, \"screen\", None)\n                stacktrace = getattr(exc, \"stacktrace\", None)\n            if time.monotonic() > end_time:\n                break\n            time.sleep(self._poll)\n>       raise TimeoutException(message, screen, stacktrace)\nE       selenium.common.exceptions.TimeoutException: Message: \nE       Stacktrace:\nE       \tGetHandleVerifier [0x0xe83b03+62899]\nE       \tGetHandleVerifier [0x0xe83b44+62964]\nE       \t(No symbol) [0x0xcb10f3]\nE       \t(No symbol) [0x0xcf980e]\nE       \t(No symbol) [0x0xcf9bab]\nE       \t(No symbol) [0x0xd425c2]\nE       \t(No symbol) [0x0xd1e554]\nE       \t(No symbol) [0x0xd3fd81]\nE       \t(No symbol) [0x0xd1e306]\nE       \t(No symbol) [0x0xced670]\nE       \t(No symbol) [0x0xcee4e4]\nE       \tGetHandleVerifier [0x0x10e4793+2556483]\nE       \tGetHandleVerifier [0x0x10dfd02+2537394]\nE       \tGetHandleVerifier [0x0xeaa2fa+220586]\nE       \tGetHandleVerifier [0x0xe9aae8+157080]\nE       \tGetHandleVerifier [0x0xea141d+184013]\nE       \tGetHandleVerifier [0x0xe8ba68+95512]\nE       \tGetHandleVerifier [0x0xe8bc10+95936]\nE       \tGetHandleVerifier [0x0xe76b5a+9738]\nE       \tBaseThreadInitThunk [0x0x7627fcc9+25]\nE       \tRtlGetAppContainerNamedObjectPath [0x0x77bb82ae+286]\nE       \tRtlGetAppContainerNamedObjectPath [0x0x77bb827e+238]\n\nC:\\Users\\Pawan.Pawar\\AppData\\Local\\Programs\\Python\\Python312\\Lib\\site-packages\\selenium\\webdriver\\support\\wait.py:146: TimeoutException"}, "description": "This is test of admin tab>proceed to checkout and download button", "start": 1750237033191, "stop": 1750237063928, "uuid": "d703c5a8-c4e0-40d7-8600-3e2cc54daa51", "historyId": "4b1cbfd658f940588547c6a890039699", "testCaseId": "4b1cbfd658f940588547c6a890039699", "fullName": "test_pages.test_login_page#test_admin_proceed_and_download", "labels": [{"name": "parentSuite", "value": "test_pages"}, {"name": "suite", "value": "test_login_page"}, {"name": "host", "value": "5CD1343CDG"}, {"name": "thread", "value": "21324-MainThread"}, {"name": "framework", "value": "pytest"}, {"name": "language", "value": "cpython3"}, {"name": "package", "value": "test_pages.test_login_page"}]}