{"name": "Admin Tab and Download Test", "status": "broken", "statusDetails": {"message": "selenium.common.exceptions.TimeoutException: Message: \nStacktrace:\n\tGetHandleVerifier [0x0xf73b03+62899]\n\tGetHandleVerifier [0x0xf73b44+62964]\n\t(No symbol) [0x0xda10f3]\n\t(No symbol) [0x0xde980e]\n\t(No symbol) [0x0xde9bab]\n\t(No symbol) [0x0xe325c2]\n\t(No symbol) [0x0xe0e554]\n\t(No symbol) [0x0xe2fd81]\n\t(No symbol) [0x0xe0e306]\n\t(No symbol) [0x0xddd670]\n\t(No symbol) [0x0xdde4e4]\n\tGetHandleVerifier [0x0x11d4793+2556483]\n\tGetHandleVerifier [0x0x11cfd02+2537394]\n\tGetHandleVerifier [0x0xf9a2fa+220586]\n\tGetHandleVerifier [0x0xf8aae8+157080]\n\tGetHandleVerifier [0x0xf9141d+184013]\n\tGetHandleVerifier [0x0xf7ba68+95512]\n\tGetHandleVerifier [0x0xf7bc10+95936]\n\tGetHandleVerifier [0x0xf66b5a+9738]\n\tBaseThreadInitThunk [0x0x7753fcc9+25]\n\tRtlGetAppContainerNamedObjectPath [0x0x77e082ae+286]\n\tRtlGetAppContainerNamedObjectPath [0x0x77e0827e+238]", "trace": "driver = <selenium.webdriver.chrome.webdriver.WebDriver (session=\"6472eabc1e09322f99e62eae6525c25a\")>\n\n    @pytest.mark.repeat(3)\n    @allure.title(\"Admin Tab and Download Test\")\n    @allure.description(\"This is test of admin tab>proceed to checkout and download button\")\n    def test_admin_proceed_and_download(driver: WebDriver):\n        logger = LogGenerate.logger_file()\n        logger.info(f\"Starting Test: {inspect.currentframe().f_code.co_name}\")\n    \n        try:\n            employee_page = EmployeePage(driver)\n    \n>           employee_page.menu_button()\n\ntest_pages\\test_login_page.py:455: \n_ _ _ _ _ _ _ _ _ _ _ _ _ _ _ _ _ _ _ _ _ _ _ _ _ _ _ _ _ _ _ _ _ _ _ _ _ _ _ _ _ _ _ _ _ _ _ _ _ _ _ _ _ _ _ _ _ _ _ _ _ _ _ _ _ _ _ _ _ _ _ _ _ _ _ _ _ _ _ _ _ _ _ _ _ _ _ _ _ _ _ _ _ _ _ _ _ _ _ _ _ _ _ _ _ _ _ _ _ _\nbase_pages\\employees_page.py:150: in menu_button\n    wait.until(EC.element_to_be_clickable(self.locators.menu_button)).click()\n_ _ _ _ _ _ _ _ _ _ _ _ _ _ _ _ _ _ _ _ _ _ _ _ _ _ _ _ _ _ _ _ _ _ _ _ _ _ _ _ _ _ _ _ _ _ _ _ _ _ _ _ _ _ _ _ _ _ _ _ _ _ _ _ _ _ _ _ _ _ _ _ _ _ _ _ _ _ _ _ _ _ _ _ _ _ _ _ _ _ _ _ _ _ _ _ _ _ _ _ _ _ _ _ _ _ _ _ _ _\n\nself = <selenium.webdriver.support.wait.WebDriverWait (session=\"6472eabc1e09322f99e62eae6525c25a\")>, method = <function element_to_be_clickable.<locals>._predicate at 0x00000174ADEE9B20>, message = ''\n\n    def until(self, method: Callable[[D], Union[Literal[False], T]], message: str = \"\") -> T:\n        \"\"\"Wait until the method returns a value that is not False.\n    \n        Calls the method provided with the driver as an argument until the\n        return value does not evaluate to ``False``.\n    \n        Parameters:\n        ----------\n        method: callable(WebDriver)\n            - A callable object that takes a WebDriver instance as an argument.\n    \n        message: str\n            - Optional message for :exc:`TimeoutException`\n    \n        Return:\n        -------\n        object: T\n            - The result of the last call to `method`\n    \n        Raises:\n        -------\n        TimeoutException\n            - If 'method' does not return a truthy value within the WebDriverWait\n            object's timeout\n    \n        Example:\n        --------\n        >>> from selenium.webdriver.common.by import By\n        >>> from selenium.webdriver.support.ui import WebDriverWait\n        >>> from selenium.webdriver.support import expected_conditions as EC\n    \n        # Wait until an element is visible on the page\n        >>> wait = WebDriverWait(driver, 10)\n        >>> element = wait.until(EC.visibility_of_element_located((By.ID, \"exampleId\")))\n        >>> print(element.text)\n        \"\"\"\n        screen = None\n        stacktrace = None\n    \n        end_time = time.monotonic() + self._timeout\n        while True:\n            try:\n                value = method(self._driver)\n                if value:\n                    return value\n            except self._ignored_exceptions as exc:\n                screen = getattr(exc, \"screen\", None)\n                stacktrace = getattr(exc, \"stacktrace\", None)\n            if time.monotonic() > end_time:\n                break\n            time.sleep(self._poll)\n>       raise TimeoutException(message, screen, stacktrace)\nE       selenium.common.exceptions.TimeoutException: Message: \nE       Stacktrace:\nE       \tGetHandleVerifier [0x0xf73b03+62899]\nE       \tGetHandleVerifier [0x0xf73b44+62964]\nE       \t(No symbol) [0x0xda10f3]\nE       \t(No symbol) [0x0xde980e]\nE       \t(No symbol) [0x0xde9bab]\nE       \t(No symbol) [0x0xe325c2]\nE       \t(No symbol) [0x0xe0e554]\nE       \t(No symbol) [0x0xe2fd81]\nE       \t(No symbol) [0x0xe0e306]\nE       \t(No symbol) [0x0xddd670]\nE       \t(No symbol) [0x0xdde4e4]\nE       \tGetHandleVerifier [0x0x11d4793+2556483]\nE       \tGetHandleVerifier [0x0x11cfd02+2537394]\nE       \tGetHandleVerifier [0x0xf9a2fa+220586]\nE       \tGetHandleVerifier [0x0xf8aae8+157080]\nE       \tGetHandleVerifier [0x0xf9141d+184013]\nE       \tGetHandleVerifier [0x0xf7ba68+95512]\nE       \tGetHandleVerifier [0x0xf7bc10+95936]\nE       \tGetHandleVerifier [0x0xf66b5a+9738]\nE       \tBaseThreadInitThunk [0x0x7753fcc9+25]\nE       \tRtlGetAppContainerNamedObjectPath [0x0x77e082ae+286]\nE       \tRtlGetAppContainerNamedObjectPath [0x0x77e0827e+238]\n\nC:\\Users\\Pawan.Pawar\\AppData\\Local\\Programs\\Python\\Python312\\Lib\\site-packages\\selenium\\webdriver\\support\\wait.py:146: TimeoutException"}, "description": "This is test of admin tab>proceed to checkout and download button", "parameters": [{"name": "__pytest_repeat_step_number", "value": "1"}], "start": 1750441131164, "stop": 1750441161602, "uuid": "8b413f9e-fbbd-48f7-923c-125a662126a1", "historyId": "03dea11937bb614bdc9c9624fb89ada5", "testCaseId": "4b1cbfd658f940588547c6a890039699", "fullName": "test_pages.test_login_page#test_admin_proceed_and_download", "labels": [{"name": "tag", "value": "repeat(3)"}, {"name": "parentSuite", "value": "test_pages"}, {"name": "suite", "value": "test_login_page"}, {"name": "host", "value": "5CD1343CDG"}, {"name": "thread", "value": "27460-MainThread"}, {"name": "framework", "value": "pytest"}, {"name": "language", "value": "cpython3"}, {"name": "package", "value": "test_pages.test_login_page"}]}