{"name": "Benefits and Family Page Test", "status": "broken", "statusDetails": {"message": "selenium.common.exceptions.NoSuchElementException: Message: Could not locate element with visible text: e; For documentation on this error, please visit: https://www.selenium.dev/documentation/webdriver/troubleshooting/errors#no-such-element-exception", "trace": "driver = <selenium.webdriver.chrome.webdriver.WebDriver (session=\"49b768f3516ef63dba9598f3ffc4bbdd\")>\n\n    @allure.title(\"Benefits and Family Page Test\")\n    @allure.description(\"This is test of benefits and family page\")\n    def test_benefits_and_family(driver: WebDriver):\n        logger = LogGenerate.logger_file()\n        logger.info(f\"Starting Test: {inspect.currentframe().f_code.co_name}\")\n    \n        fake_data = FakeData()\n    \n        try:\n    \n            employee_page = EmployeePage(driver)\n    \n            employee_page.add_new_hire_enrollment()\n            logger.info(f\"Clicked on New hire enrollment button\")\n    \n            employee_page.get_started_button()\n            logger.info(f\"Clicked on Get started button\")\n    \n            employee_page.submit_button()\n            logger.info(f\"Clicked on submit button\")\n    \n            employee_page.add_new_family_member()\n            logger.info(f\"Clicked on New Family member button\")\n    \n            employee_page.add_firstname(fake_data.sp_firstName)\n            logger.info(f\"First name entered: {fake_data.sp_firstName}\")\n    \n            employee_page.add_middlename(fake_data.sp_middleName)\n            logger.info(f\"Middle name entered: {fake_data.sp_middleName}\")\n    \n            employee_page.add_lastname(fake_data.sp_lastName)\n            logger.info(f\"Last name entered: {fake_data.sp_lastName}\")\n    \n            employee_page.ssn_id_1(fake_data.ssn)\n            logger.info(f\"SSN ID entered: {fake_data.ssn}\")\n    \n            employee_page.add_birthdate(user_data[\"birthdate\"])\n            logger.info(f\"Birthdate entered: {user_data[\"birthdate\"]}\")\n    \n>           employee_page.add_gender(fake_data.gender)\n\ntest_pages\\test_login_page.py:300: \n_ _ _ _ _ _ _ _ _ _ _ _ _ _ _ _ _ _ _ _ _ _ _ _ _ _ _ _ _ _ _ _ _ _ _ _ _ _ _ _ _ _ _ _ _ _ _ _ _ _ _ _ _ _ _ _ _ _ _ _ _ _ _ _ _ _ _ _ _ _ _ _ _ _ _ _ _ _ _ _ _ _ _ _ _ _ _ _ _ _ _ _ _ _ _ _ _ _ _ _ _ _ _ _ _ _ _ _\nbase_pages\\employees_page.py:62: in add_gender\n    self.select_element(self.locators.gender, male)\nbase_pages\\base_page.py:21: in select_element\n    Select(element).select_by_visible_text(value)\n_ _ _ _ _ _ _ _ _ _ _ _ _ _ _ _ _ _ _ _ _ _ _ _ _ _ _ _ _ _ _ _ _ _ _ _ _ _ _ _ _ _ _ _ _ _ _ _ _ _ _ _ _ _ _ _ _ _ _ _ _ _ _ _ _ _ _ _ _ _ _ _ _ _ _ _ _ _ _ _ _ _ _ _ _ _ _ _ _ _ _ _ _ _ _ _ _ _ _ _ _ _ _ _ _ _ _ _\n\nself = <selenium.webdriver.support.select.Select object at 0x000001FBAF1286E0>, text = 'e'\n\n    def select_by_visible_text(self, text: str) -> None:\n        \"\"\"Select all options that display text matching the argument. That is,\n        when given \"Bar\" this would select an option like:\n    \n         <option value=\"foo\">Bar</option>\n    \n        :Args:\n         - text - The visible text to match against\n    \n         throws NoSuchElementException If there is no option with specified text in SELECT\n        \"\"\"\n        xpath = f\".//option[normalize-space(.) = {self._escape_string(text)}]\"\n        opts = self._el.find_elements(By.XPATH, xpath)\n        matched = False\n        for opt in opts:\n            self._set_selected(opt)\n            if not self.is_multiple:\n                return\n            matched = True\n    \n        if len(opts) == 0 and \" \" in text:\n            sub_string_without_space = self._get_longest_token(text)\n            if sub_string_without_space == \"\":\n                candidates = self.options\n            else:\n                xpath = f\".//option[contains(.,{self._escape_string(sub_string_without_space)})]\"\n                candidates = self._el.find_elements(By.XPATH, xpath)\n            for candidate in candidates:\n                if text == candidate.text:\n                    self._set_selected(candidate)\n                    if not self.is_multiple:\n                        return\n                    matched = True\n    \n        if not matched:\n>           raise NoSuchElementException(f\"Could not locate element with visible text: {text}\")\nE           selenium.common.exceptions.NoSuchElementException: Message: Could not locate element with visible text: e; For documentation on this error, please visit: https://www.selenium.dev/documentation/webdriver/troubleshooting/errors#no-such-element-exception\n\nC:\\Users\\Pawan.Pawar\\AppData\\Local\\Programs\\Python\\Python312\\Lib\\site-packages\\selenium\\webdriver\\support\\select.py:137: NoSuchElementException"}, "description": "This is test of benefits and family page", "start": 1750444459997, "stop": 1750444472879, "uuid": "ceb9dfd7-60a1-4a22-ab82-1b529e54b1cb", "historyId": "d0a7080398b1930c8005ab80f3ce1d96", "testCaseId": "d0a7080398b1930c8005ab80f3ce1d96", "fullName": "test_pages.test_login_page#test_benefits_and_family", "labels": [{"name": "parentSuite", "value": "test_pages"}, {"name": "suite", "value": "test_login_page"}, {"name": "host", "value": "5CD1343CDG"}, {"name": "thread", "value": "10392-MainThread"}, {"name": "framework", "value": "pytest"}, {"name": "language", "value": "cpython3"}, {"name": "package", "value": "test_pages.test_login_page"}]}