{"name": "Admin Tab and Download Test", "status": "broken", "statusDetails": {"message": "selenium.common.exceptions.StaleElementReferenceException: Message: stale element reference: stale element not found in the current frame\n  (Session info: chrome=137.0.7151.104); For documentation on this error, please visit: https://www.selenium.dev/documentation/webdriver/troubleshooting/errors#stale-element-reference-exception\nStacktrace:\n\tGetHandleVerifier [0x0xc73783+63299]\n\tGetHandleVerifier [0x0xc737c4+63364]\n\t(No symbol) [0x0xaa1113]\n\t(No symbol) [0x0xaa7920]\n\t(No symbol) [0x0xaa9c4a]\n\t(No symbol) [0x0xaa9cc7]\n\t(No symbol) [0x0xaeb54a]\n\t(No symbol) [0x0xadf3ca]\n\t(No symbol) [0x0xb0e57c]\n\t(No symbol) [0x0xadeed4]\n\t(No symbol) [0x0xb0e7f4]\n\t(No symbol) [0x0xb2fa4a]\n\t(No symbol) [0x0xb0e376]\n\t(No symbol) [0x0xadd6e0]\n\t(No symbol) [0x0xade544]\n\tGetHandleVerifier [0x0xece073+2531379]\n\tGetHandleVerifier [0x0xec9372+2511666]\n\tGetHandleVerifier [0x0xc99efa+220858]\n\tGetHandleVerifier [0x0xc8a548+156936]\n\tGetHandleVerifier [0x0xc90c7d+183357]\n\tGetHandleVerifier [0x0xc7b6e8+95912]\n\tGetHandleVerifier [0x0xc7b890+96336]\n\tGetHandleVerifier [0x0xc6666a+9770]\n\tBaseThreadInitThunk [0x0x7608fcc9+25]\n\tRtlGetAppContainerNamedObjectPath [0x0x77c882ae+286]\n\tRtlGetAppContainerNamedObjectPath [0x0x77c8827e+238]", "trace": "driver = <selenium.webdriver.chrome.webdriver.WebDriver (session=\"74cd8f522cfafa9fc194ae8d24cf0e52\")>\n\n    @allure.title(\"Admin Tab and Download Test\")\n    @allure.description(\"This is test of admin tab>proceed to checkout and download button\")\n    def test_admin_proceed_and_download(driver):\n        logger = LogGenerate.logger_file()\n        logger.info(f\"Starting Test: {inspect.currentframe().f_code.co_name}\")\n    \n        try:\n            employee_page = EmployeePage(driver)\n    \n            employee_page.menu_button()\n            logger.info(f\"Clicked on Menu button\")\n    \n            employee_page.admin_tab()\n            logger.info(f\"Clicked on Admin tab button\")\n    \n            employee_page.proceed_to_checkout_tab()\n            logger.info(f\"Clicked on Proceed to checkout button\")\n    \n>           employee_page.checkout_button()\n\ntest_pages\\test_login_page.py:454: \n_ _ _ _ _ _ _ _ _ _ _ _ _ _ _ _ _ _ _ _ _ _ _ _ _ _ _ _ _ _ _ _ _ _ _ _ _ _ _ _ _ _ _ _ _ _ _ _ _ _ _ _ _ _ _ _ _ _ _ _ _ _ _ _ _ _ _ _ _ _ _ _ _ _ _ _ _ _ _ _ _ _ _ _ _ _ _ _ _ _ \nbase_pages\\employees_page.py:166: in checkout_button\n    wait.until(EC.element_to_be_clickable(self.locators.checkout_button)).click()\nC:\\Users\\Pawan.Pawar\\AppData\\Local\\Programs\\Python\\Python312\\Lib\\site-packages\\selenium\\webdriver\\remote\\webelement.py:119: in click\n    self._execute(Command.CLICK_ELEMENT)\nC:\\Users\\Pawan.Pawar\\AppData\\Local\\Programs\\Python\\Python312\\Lib\\site-packages\\selenium\\webdriver\\remote\\webelement.py:572: in _execute\n    return self._parent.execute(command, params)\nC:\\Users\\Pawan.Pawar\\AppData\\Local\\Programs\\Python\\Python312\\Lib\\site-packages\\selenium\\webdriver\\remote\\webdriver.py:429: in execute\n    self.error_handler.check_response(response)\n_ _ _ _ _ _ _ _ _ _ _ _ _ _ _ _ _ _ _ _ _ _ _ _ _ _ _ _ _ _ _ _ _ _ _ _ _ _ _ _ _ _ _ _ _ _ _ _ _ _ _ _ _ _ _ _ _ _ _ _ _ _ _ _ _ _ _ _ _ _ _ _ _ _ _ _ _ _ _ _ _ _ _ _ _ _ _ _ _ _ \n\nself = <selenium.webdriver.remote.errorhandler.ErrorHandler object at 0x000001D649B3F050>\nresponse = {'status': 404, 'value': '{\"value\":{\"error\":\"stale element reference\",\"message\":\"stale element reference: stale elemen...tRtlGetAppContainerNamedObjectPath [0x0x77c882ae+286]\\\\n\\\\tRtlGetAppContainerNamedObjectPath [0x0x77c8827e+238]\\\\n\"}}'}\n\n    def check_response(self, response: Dict[str, Any]) -> None:\n        \"\"\"Checks that a JSON response from the WebDriver does not have an\n        error.\n    \n        :Args:\n         - response - The JSON response from the WebDriver server as a dictionary\n           object.\n    \n        :Raises: If the response contains an error message.\n        \"\"\"\n        status = response.get(\"status\", None)\n        if not status or status == ErrorCode.SUCCESS:\n            return\n        value = None\n        message = response.get(\"message\", \"\")\n        screen: str = response.get(\"screen\", \"\")\n        stacktrace = None\n        if isinstance(status, int):\n            value_json = response.get(\"value\", None)\n            if value_json and isinstance(value_json, str):\n                import json\n    \n                try:\n                    value = json.loads(value_json)\n                    if len(value) == 1:\n                        value = value[\"value\"]\n                    status = value.get(\"error\", None)\n                    if not status:\n                        status = value.get(\"status\", ErrorCode.UNKNOWN_ERROR)\n                        message = value.get(\"value\") or value.get(\"message\")\n                        if not isinstance(message, str):\n                            value = message\n                            message = message.get(\"message\")\n                    else:\n                        message = value.get(\"message\", None)\n                except ValueError:\n                    pass\n    \n        exception_class: Type[WebDriverException]\n        e = ErrorCode()\n        error_codes = [item for item in dir(e) if not item.startswith(\"__\")]\n        for error_code in error_codes:\n            error_info = getattr(ErrorCode, error_code)\n            if isinstance(error_info, list) and status in error_info:\n                exception_class = getattr(ExceptionMapping, error_code, WebDriverException)\n                break\n        else:\n            exception_class = WebDriverException\n    \n        if not value:\n            value = response[\"value\"]\n        if isinstance(value, str):\n            raise exception_class(value)\n        if message == \"\" and \"message\" in value:\n            message = value[\"message\"]\n    \n        screen = None  # type: ignore[assignment]\n        if \"screen\" in value:\n            screen = value[\"screen\"]\n    \n        stacktrace = None\n        st_value = value.get(\"stackTrace\") or value.get(\"stacktrace\")\n        if st_value:\n            if isinstance(st_value, str):\n                stacktrace = st_value.split(\"\\n\")\n            else:\n                stacktrace = []\n                try:\n                    for frame in st_value:\n                        line = frame.get(\"lineNumber\", \"\")\n                        file = frame.get(\"fileName\", \"<anonymous>\")\n                        if line:\n                            file = f\"{file}:{line}\"\n                        meth = frame.get(\"methodName\", \"<anonymous>\")\n                        if \"className\" in frame:\n                            meth = f\"{frame['className']}.{meth}\"\n                        msg = \"    at %s (%s)\"\n                        msg = msg % (meth, file)\n                        stacktrace.append(msg)\n                except TypeError:\n                    pass\n        if exception_class == UnexpectedAlertPresentException:\n            alert_text = None\n            if \"data\" in value:\n                alert_text = value[\"data\"].get(\"text\")\n            elif \"alert\" in value:\n                alert_text = value[\"alert\"].get(\"text\")\n            raise exception_class(message, screen, stacktrace, alert_text)  # type: ignore[call-arg]  # mypy is not smart enough here\n>       raise exception_class(message, screen, stacktrace)\nE       selenium.common.exceptions.StaleElementReferenceException: Message: stale element reference: stale element not found in the current frame\nE         (Session info: chrome=137.0.7151.104); For documentation on this error, please visit: https://www.selenium.dev/documentation/webdriver/troubleshooting/errors#stale-element-reference-exception\nE       Stacktrace:\nE       \tGetHandleVerifier [0x0xc73783+63299]\nE       \tGetHandleVerifier [0x0xc737c4+63364]\nE       \t(No symbol) [0x0xaa1113]\nE       \t(No symbol) [0x0xaa7920]\nE       \t(No symbol) [0x0xaa9c4a]\nE       \t(No symbol) [0x0xaa9cc7]\nE       \t(No symbol) [0x0xaeb54a]\nE       \t(No symbol) [0x0xadf3ca]\nE       \t(No symbol) [0x0xb0e57c]\nE       \t(No symbol) [0x0xadeed4]\nE       \t(No symbol) [0x0xb0e7f4]\nE       \t(No symbol) [0x0xb2fa4a]\nE       \t(No symbol) [0x0xb0e376]\nE       \t(No symbol) [0x0xadd6e0]\nE       \t(No symbol) [0x0xade544]\nE       \tGetHandleVerifier [0x0xece073+2531379]\nE       \tGetHandleVerifier [0x0xec9372+2511666]\nE       \tGetHandleVerifier [0x0xc99efa+220858]\nE       \tGetHandleVerifier [0x0xc8a548+156936]\nE       \tGetHandleVerifier [0x0xc90c7d+183357]\nE       \tGetHandleVerifier [0x0xc7b6e8+95912]\nE       \tGetHandleVerifier [0x0xc7b890+96336]\nE       \tGetHandleVerifier [0x0xc6666a+9770]\nE       \tBaseThreadInitThunk [0x0x7608fcc9+25]\nE       \tRtlGetAppContainerNamedObjectPath [0x0x77c882ae+286]\nE       \tRtlGetAppContainerNamedObjectPath [0x0x77c8827e+238]\n\nC:\\Users\\Pawan.Pawar\\AppData\\Local\\Programs\\Python\\Python312\\Lib\\site-packages\\selenium\\webdriver\\remote\\errorhandler.py:232: StaleElementReferenceException"}, "description": "This is test of admin tab>proceed to checkout and download button", "start": 1750164671799, "stop": 1750164672291, "uuid": "04db9a06-b2ba-41db-9700-fa7a12cd8169", "historyId": "4b1cbfd658f940588547c6a890039699", "testCaseId": "4b1cbfd658f940588547c6a890039699", "fullName": "test_pages.test_login_page#test_admin_proceed_and_download", "labels": [{"name": "parentSuite", "value": "test_pages"}, {"name": "suite", "value": "test_login_page"}, {"name": "host", "value": "5CD1343CDG"}, {"name": "thread", "value": "32480-MainThread"}, {"name": "framework", "value": "pytest"}, {"name": "language", "value": "cpython3"}, {"name": "package", "value": "test_pages.test_login_page"}]}