{"name": "Login Page Logo Test", "status": "broken", "statusDetails": {"message": "selenium.common.exceptions.InvalidArgumentException: Message: invalid argument: cannot parse capability: goog:chromeOptions\nfrom invalid argument: unrecognized chrome option: prefs\nStacktrace:\n\tGetHandleVerifier [0x0x7ff6dc05fe75+79173]\n\tGetHandleVerifier [0x0x7ff6dc05fed0+79264]\n\t(No symbol) [0x0x7ff6dbe19e5a]\n\t(No symbol) [0x0x7ff6dbe48f53]\n\t(No symbol) [0x0x7ff6dbe4aa58]\n\t(No symbol) [0x0x7ff6dbe44f0a]\n\t(No symbol) [0x0x7ff6dbea49a2]\n\t(No symbol) [0x0x7ff6dbea42b7]\n\t(No symbol) [0x0x7ff6dbea61c0]\n\t(No symbol) [0x0x7ff6dbea5f70]\n\t(No symbol) [0x0x7ff6dbe98743]\n\t(No symbol) [0x0x7ff6dbe614c1]\n\t(No symbol) [0x0x7ff6dbe62253]\n\tGetHandleVerifier [0x0x7ff6dc32a2ad+3004797]\n\tGetHandleVerifier [0x0x7ff6dc3246fd+2981325]\n\tGetHandleVerifier [0x0x7ff6dc343350+3107360]\n\tGetHandleVerifier [0x0x7ff6dc07a9fe+188622]\n\tGetHandleVerifier [0x0x7ff6dc08228f+219487]\n\tGetHandleVerifier [0x0x7ff6dc068dc4+115860]\n\tGetHandleVerifier [0x0x7ff6dc068f79+116297]\n\tGetHandleVerifier [0x0x7ff6dc04f528+11256]\n\tBaseThreadInitThunk [0x0x7ff914f07374+20]\n\tRtlUserThreadStart [0x0x7ff9162dcc91+33]", "trace": "@pytest.fixture(scope=\"session\")\n    def driver():\n        logger = LogGenerate.logger_file()\n        logger.info(\"Starting application for the test session\")\n    \n        options = Options()\n        prefs = {\n            \"download.default_directory\": location,\n            \"plugins.always_open_pdf_externally\": True,\n            \"credentials_enable_service\": False,\n            \"profile.password_manager_enabled\": False,\n            \"profile.password_manager_leak_detection\":False\n        }\n        options.add_experimental_option(\"prefs\", prefs)\n        options.add_argument('--no-sandbox')  # # Bypass OS security model\n        options.add_argument('disable-infobars')\n        options.add_argument(\"--disable-extensions\")\n        options.add_argument(\"--disable-notifications\")\n        options.add_argument(\"--start-fullscreen\")\n        options.add_argument('--disable-gpu')\n        options.add_experimental_option(\"debuggerAddress\", \"127.0.0.1:9222\")\n    \n        #driver = webdriver.Chrome(service=Service(ChromeDriverManager().install()), options=options)\n>       driver = webdriver.Chrome(options=options)\n\ntest_pages\\conftest.py:34: \n_ _ _ _ _ _ _ _ _ _ _ _ _ _ _ _ _ _ _ _ _ _ _ _ _ _ _ _ _ _ _ _ _ _ _ _ _ _ _ _ _ _ _ _ _ _ _ _ _ _ _ _ _ _ _ _ _ _ _ _ _ _ _ _ _ _ _ _ _ _ _ _ _ _ _ _ _ _ _ _ _ _ _ _ _ _ _ _ _ _ \nC:\\Users\\Pawan.Pawar\\AppData\\Local\\Programs\\Python\\Python312\\Lib\\site-packages\\selenium\\webdriver\\chrome\\webdriver.py:45: in __init__\n    super().__init__(\nC:\\Users\\Pawan.Pawar\\AppData\\Local\\Programs\\Python\\Python312\\Lib\\site-packages\\selenium\\webdriver\\chromium\\webdriver.py:66: in __init__\n    super().__init__(command_executor=executor, options=options)\nC:\\Users\\Pawan.Pawar\\AppData\\Local\\Programs\\Python\\Python312\\Lib\\site-packages\\selenium\\webdriver\\remote\\webdriver.py:250: in __init__\n    self.start_session(capabilities)\nC:\\Users\\Pawan.Pawar\\AppData\\Local\\Programs\\Python\\Python312\\Lib\\site-packages\\selenium\\webdriver\\remote\\webdriver.py:342: in start_session\n    response = self.execute(Command.NEW_SESSION, caps)[\"value\"]\nC:\\Users\\Pawan.Pawar\\AppData\\Local\\Programs\\Python\\Python312\\Lib\\site-packages\\selenium\\webdriver\\remote\\webdriver.py:429: in execute\n    self.error_handler.check_response(response)\n_ _ _ _ _ _ _ _ _ _ _ _ _ _ _ _ _ _ _ _ _ _ _ _ _ _ _ _ _ _ _ _ _ _ _ _ _ _ _ _ _ _ _ _ _ _ _ _ _ _ _ _ _ _ _ _ _ _ _ _ _ _ _ _ _ _ _ _ _ _ _ _ _ _ _ _ _ _ _ _ _ _ _ _ _ _ _ _ _ _ \n\nself = <selenium.webdriver.remote.errorhandler.ErrorHandler object at 0x00000251B5C12930>\nresponse = {'status': 400, 'value': '{\"value\":{\"error\":\"invalid argument\",\"message\":\"invalid argument: cannot parse capability: g...ff6dc04f528+11256]\\\\n\\\\tBaseThreadInitThunk [0x0x7ff914f07374+20]\\\\n\\\\tRtlUserThreadStart [0x0x7ff9162dcc91+33]\\\\n\"}}'}\n\n    def check_response(self, response: Dict[str, Any]) -> None:\n        \"\"\"Checks that a JSON response from the WebDriver does not have an\n        error.\n    \n        :Args:\n         - response - The JSON response from the WebDriver server as a dictionary\n           object.\n    \n        :Raises: If the response contains an error message.\n        \"\"\"\n        status = response.get(\"status\", None)\n        if not status or status == ErrorCode.SUCCESS:\n            return\n        value = None\n        message = response.get(\"message\", \"\")\n        screen: str = response.get(\"screen\", \"\")\n        stacktrace = None\n        if isinstance(status, int):\n            value_json = response.get(\"value\", None)\n            if value_json and isinstance(value_json, str):\n                import json\n    \n                try:\n                    value = json.loads(value_json)\n                    if len(value) == 1:\n                        value = value[\"value\"]\n                    status = value.get(\"error\", None)\n                    if not status:\n                        status = value.get(\"status\", ErrorCode.UNKNOWN_ERROR)\n                        message = value.get(\"value\") or value.get(\"message\")\n                        if not isinstance(message, str):\n                            value = message\n                            message = message.get(\"message\")\n                    else:\n                        message = value.get(\"message\", None)\n                except ValueError:\n                    pass\n    \n        exception_class: Type[WebDriverException]\n        e = ErrorCode()\n        error_codes = [item for item in dir(e) if not item.startswith(\"__\")]\n        for error_code in error_codes:\n            error_info = getattr(ErrorCode, error_code)\n            if isinstance(error_info, list) and status in error_info:\n                exception_class = getattr(ExceptionMapping, error_code, WebDriverException)\n                break\n        else:\n            exception_class = WebDriverException\n    \n        if not value:\n            value = response[\"value\"]\n        if isinstance(value, str):\n            raise exception_class(value)\n        if message == \"\" and \"message\" in value:\n            message = value[\"message\"]\n    \n        screen = None  # type: ignore[assignment]\n        if \"screen\" in value:\n            screen = value[\"screen\"]\n    \n        stacktrace = None\n        st_value = value.get(\"stackTrace\") or value.get(\"stacktrace\")\n        if st_value:\n            if isinstance(st_value, str):\n                stacktrace = st_value.split(\"\\n\")\n            else:\n                stacktrace = []\n                try:\n                    for frame in st_value:\n                        line = frame.get(\"lineNumber\", \"\")\n                        file = frame.get(\"fileName\", \"<anonymous>\")\n                        if line:\n                            file = f\"{file}:{line}\"\n                        meth = frame.get(\"methodName\", \"<anonymous>\")\n                        if \"className\" in frame:\n                            meth = f\"{frame['className']}.{meth}\"\n                        msg = \"    at %s (%s)\"\n                        msg = msg % (meth, file)\n                        stacktrace.append(msg)\n                except TypeError:\n                    pass\n        if exception_class == UnexpectedAlertPresentException:\n            alert_text = None\n            if \"data\" in value:\n                alert_text = value[\"data\"].get(\"text\")\n            elif \"alert\" in value:\n                alert_text = value[\"alert\"].get(\"text\")\n            raise exception_class(message, screen, stacktrace, alert_text)  # type: ignore[call-arg]  # mypy is not smart enough here\n>       raise exception_class(message, screen, stacktrace)\nE       selenium.common.exceptions.InvalidArgumentException: Message: invalid argument: cannot parse capability: goog:chromeOptions\nE       from invalid argument: unrecognized chrome option: prefs\nE       Stacktrace:\nE       \tGetHandleVerifier [0x0x7ff6dc05fe75+79173]\nE       \tGetHandleVerifier [0x0x7ff6dc05fed0+79264]\nE       \t(No symbol) [0x0x7ff6dbe19e5a]\nE       \t(No symbol) [0x0x7ff6dbe48f53]\nE       \t(No symbol) [0x0x7ff6dbe4aa58]\nE       \t(No symbol) [0x0x7ff6dbe44f0a]\nE       \t(No symbol) [0x0x7ff6dbea49a2]\nE       \t(No symbol) [0x0x7ff6dbea42b7]\nE       \t(No symbol) [0x0x7ff6dbea61c0]\nE       \t(No symbol) [0x0x7ff6dbea5f70]\nE       \t(No symbol) [0x0x7ff6dbe98743]\nE       \t(No symbol) [0x0x7ff6dbe614c1]\nE       \t(No symbol) [0x0x7ff6dbe62253]\nE       \tGetHandleVerifier [0x0x7ff6dc32a2ad+3004797]\nE       \tGetHandleVerifier [0x0x7ff6dc3246fd+2981325]\nE       \tGetHandleVerifier [0x0x7ff6dc343350+3107360]\nE       \tGetHandleVerifier [0x0x7ff6dc07a9fe+188622]\nE       \tGetHandleVerifier [0x0x7ff6dc08228f+219487]\nE       \tGetHandleVerifier [0x0x7ff6dc068dc4+115860]\nE       \tGetHandleVerifier [0x0x7ff6dc068f79+116297]\nE       \tGetHandleVerifier [0x0x7ff6dc04f528+11256]\nE       \tBaseThreadInitThunk [0x0x7ff914f07374+20]\nE       \tRtlUserThreadStart [0x0x7ff9162dcc91+33]\n\nC:\\Users\\Pawan.Pawar\\AppData\\Local\\Programs\\Python\\Python312\\Lib\\site-packages\\selenium\\webdriver\\remote\\errorhandler.py:232: InvalidArgumentException"}, "description": "This is test of login page logo", "start": 1750163995635, "stop": 1750163995635, "uuid": "fdb796a2-eefe-4db3-afb7-e76b47077c3e", "historyId": "b68036325b9bdc2b5496061e4db0dfa5", "testCaseId": "b68036325b9bdc2b5496061e4db0dfa5", "fullName": "test_pages.test_login_page#test_home_page", "labels": [{"name": "parentSuite", "value": "test_pages"}, {"name": "suite", "value": "test_login_page"}, {"name": "host", "value": "5CD1343CDG"}, {"name": "thread", "value": "25244-MainThread"}, {"name": "framework", "value": "pytest"}, {"name": "language", "value": "cpython3"}, {"name": "package", "value": "test_pages.test_login_page"}]}